<?xml version="1.0" encoding="UTF-8"?>
<testsuite xmlns:xsi="http://www.w3.org/2001/XMLSchema-instance" xsi:noNamespaceSchemaLocation="https://maven.apache.org/surefire/maven-surefire-plugin/xsd/surefire-test-report-3.0.xsd" version="3.0" name="LoginServiceTest" time="1463.176" tests="5" errors="0" skipped="0" failures="1">
  <properties>
    <property name="java.specification.version" value="24"/>
    <property name="sun.cpu.isalist" value="amd64"/>
    <property name="sun.jnu.encoding" value="Cp1252"/>
    <property name="sun.awt.enableExtraMouseButtons" value="true"/>
    <property name="java.class.path" value="C:\Users\danilo\Documents\NetBeansProjects\AOOP_MPH_PayrollSystem_Maven\target\test-classes;C:\Users\danilo\Documents\NetBeansProjects\AOOP_MPH_PayrollSystem_Maven\target\classes;C:\Users\danilo\.m2\repository\org\junit\jupiter\junit-jupiter\5.10.2\junit-jupiter-5.10.2.jar;C:\Users\danilo\.m2\repository\org\junit\jupiter\junit-jupiter-api\5.10.2\junit-jupiter-api-5.10.2.jar;C:\Users\danilo\.m2\repository\org\opentest4j\opentest4j\1.3.0\opentest4j-1.3.0.jar;C:\Users\danilo\.m2\repository\org\junit\platform\junit-platform-commons\1.10.2\junit-platform-commons-1.10.2.jar;C:\Users\danilo\.m2\repository\org\apiguardian\apiguardian-api\1.1.2\apiguardian-api-1.1.2.jar;C:\Users\danilo\.m2\repository\org\junit\jupiter\junit-jupiter-params\5.10.2\junit-jupiter-params-5.10.2.jar;C:\Users\danilo\.m2\repository\org\junit\jupiter\junit-jupiter-engine\5.10.2\junit-jupiter-engine-5.10.2.jar;C:\Users\danilo\.m2\repository\org\junit\platform\junit-platform-engine\1.10.2\junit-platform-engine-1.10.2.jar;C:\Users\danilo\Documents\NetBeansProjects\AOOP_MPH_PayrollSystem_Maven\library\mysql-connector-j-9.3.0.jar;C:\Users\danilo\Documents\NetBeansProjects\AOOP_MPH_PayrollSystem_Maven\library\jcalendar-1.3.9.jar;C:\Users\danilo\.m2\repository\org\mindrot\jbcrypt\0.4\jbcrypt-0.4.jar;C:\Users\danilo\.m2\repository\com\opencsv\opencsv\3.8\opencsv-3.8.jar;C:\Users\danilo\.m2\repository\org\apache\commons\commons-lang3\3.4\commons-lang3-3.4.jar;C:\Users\danilo\.m2\repository\commons-beanutils\commons-beanutils\1.9.2\commons-beanutils-1.9.2.jar;C:\Users\danilo\.m2\repository\commons-logging\commons-logging\1.1.1\commons-logging-1.1.1.jar;C:\Users\danilo\.m2\repository\commons-collections\commons-collections\3.2.1\commons-collections-3.2.1.jar;C:\Users\danilo\Documents\NetBeansProjects\AOOP_MPH_PayrollSystem_Maven\library\AbsoluteLayout.jar;"/>
    <property name="java.vm.vendor" value="Azul Systems, Inc."/>
    <property name="sun.arch.data.model" value="64"/>
    <property name="user.variant" value=""/>
    <property name="java.vendor.url" value="http://www.azul.com/"/>
    <property name="user.timezone" value="Asia/Manila"/>
    <property name="os.name" value="Windows 11"/>
    <property name="java.vm.specification.version" value="24"/>
    <property name="user.country" value="PH"/>
    <property name="sun.java.launcher" value="SUN_STANDARD"/>
    <property name="sun.boot.library.path" value="C:\Program Files\Apache NetBeans\jdk\bin"/>
    <property name="sun.java.command" value="C:\Users\danilo\AppData\Local\Temp\surefire1720288941339040632\surefirebooter-20250630214344244_3.jar C:\Users\danilo\AppData\Local\Temp\surefire1720288941339040632 2025-06-30T21-43-44_124-jvmRun1 surefire-20250630214344244_1tmp surefire_0-20250630214344244_2tmp"/>
    <property name="jdk.debug" value="release"/>
    <property name="surefire.test.class.path" value="C:\Users\danilo\Documents\NetBeansProjects\AOOP_MPH_PayrollSystem_Maven\target\test-classes;C:\Users\danilo\Documents\NetBeansProjects\AOOP_MPH_PayrollSystem_Maven\target\classes;C:\Users\danilo\.m2\repository\org\junit\jupiter\junit-jupiter\5.10.2\junit-jupiter-5.10.2.jar;C:\Users\danilo\.m2\repository\org\junit\jupiter\junit-jupiter-api\5.10.2\junit-jupiter-api-5.10.2.jar;C:\Users\danilo\.m2\repository\org\opentest4j\opentest4j\1.3.0\opentest4j-1.3.0.jar;C:\Users\danilo\.m2\repository\org\junit\platform\junit-platform-commons\1.10.2\junit-platform-commons-1.10.2.jar;C:\Users\danilo\.m2\repository\org\apiguardian\apiguardian-api\1.1.2\apiguardian-api-1.1.2.jar;C:\Users\danilo\.m2\repository\org\junit\jupiter\junit-jupiter-params\5.10.2\junit-jupiter-params-5.10.2.jar;C:\Users\danilo\.m2\repository\org\junit\jupiter\junit-jupiter-engine\5.10.2\junit-jupiter-engine-5.10.2.jar;C:\Users\danilo\.m2\repository\org\junit\platform\junit-platform-engine\1.10.2\junit-platform-engine-1.10.2.jar;C:\Users\danilo\Documents\NetBeansProjects\AOOP_MPH_PayrollSystem_Maven\library\mysql-connector-j-9.3.0.jar;C:\Users\danilo\Documents\NetBeansProjects\AOOP_MPH_PayrollSystem_Maven\library\jcalendar-1.3.9.jar;C:\Users\danilo\.m2\repository\org\mindrot\jbcrypt\0.4\jbcrypt-0.4.jar;C:\Users\danilo\.m2\repository\com\opencsv\opencsv\3.8\opencsv-3.8.jar;C:\Users\danilo\.m2\repository\org\apache\commons\commons-lang3\3.4\commons-lang3-3.4.jar;C:\Users\danilo\.m2\repository\commons-beanutils\commons-beanutils\1.9.2\commons-beanutils-1.9.2.jar;C:\Users\danilo\.m2\repository\commons-logging\commons-logging\1.1.1\commons-logging-1.1.1.jar;C:\Users\danilo\.m2\repository\commons-collections\commons-collections\3.2.1\commons-collections-3.2.1.jar;C:\Users\danilo\Documents\NetBeansProjects\AOOP_MPH_PayrollSystem_Maven\library\AbsoluteLayout.jar;"/>
    <property name="sun.cpu.endian" value="little"/>
    <property name="user.home" value="C:\Users\danilo"/>
    <property name="user.language" value="en"/>
    <property name="java.specification.vendor" value="Oracle Corporation"/>
    <property name="java.version.date" value="2025-04-15"/>
    <property name="java.home" value="C:\Program Files\Apache NetBeans\jdk"/>
    <property name="file.separator" value="\"/>
    <property name="basedir" value="C:\Users\danilo\Documents\NetBeansProjects\AOOP_MPH_PayrollSystem_Maven"/>
    <property name="java.vm.compressedOopsMode" value="Zero based"/>
    <property name="line.separator" value="&#10;"/>
    <property name="java.vm.specification.vendor" value="Oracle Corporation"/>
    <property name="java.specification.name" value="Java Platform API Specification"/>
    <property name="surefire.real.class.path" value="C:\Users\danilo\AppData\Local\Temp\surefire1720288941339040632\surefirebooter-20250630214344244_3.jar"/>
    <property name="user.script" value=""/>
    <property name="sun.management.compiler" value="HotSpot 64-Bit Tiered Compilers"/>
    <property name="java.runtime.version" value="24.0.1+9"/>
    <property name="user.name" value="danilo"/>
    <property name="stdout.encoding" value="Cp1252"/>
    <property name="path.separator" value=";"/>
    <property name="os.version" value="10.0"/>
    <property name="java.runtime.name" value="OpenJDK Runtime Environment"/>
    <property name="file.encoding" value="UTF-8"/>
    <property name="java.vm.name" value="OpenJDK 64-Bit Server VM"/>
    <property name="java.vendor.version" value="Zulu24.30+11-CA"/>
    <property name="maven.ext.class.path" value="C:\Program Files\Apache NetBeans\java\maven-nblib\netbeans-eventspy.jar"/>
    <property name="localRepository" value="C:\Users\danilo\.m2\repository"/>
    <property name="java.vendor.url.bug" value="http://www.azul.com/support/"/>
    <property name="java.io.tmpdir" value="C:\Users\danilo\AppData\Local\Temp\"/>
    <property name="java.version" value="24.0.1"/>
    <property name="user.dir" value="C:\Users\danilo\Documents\NetBeansProjects\AOOP_MPH_PayrollSystem_Maven"/>
    <property name="os.arch" value="amd64"/>
    <property name="java.vm.specification.name" value="Java Virtual Machine Specification"/>
    <property name="sun.os.patch.level" value=""/>
    <property name="native.encoding" value="Cp1252"/>
    <property name="java.library.path" value="C:\Program Files\Apache NetBeans\jdk\bin;C:\WINDOWS\Sun\Java\bin;C:\WINDOWS\system32;C:\WINDOWS;C:\Program Files\Common Files\Oracle\Java\javapath;C:\WINDOWS\system32;C:\WINDOWS;C:\WINDOWS\System32\Wbem;C:\WINDOWS\System32\WindowsPowerShell\v1.0\;C:\WINDOWS\System32\OpenSSH\;C:\Program Files\dotnet\;C:\Program Files\Git\cmd;C:\Users\danilo\AppData\Local\Programs\Python\Launcher\;C:\Users\danilo\AppData\Local\Microsoft\WindowsApps;C:\Users\danilo\AppData\Local\Programs\Microsoft VS Code\bin;C:\Users\danilo\AppData\Local\GitHubDesktop\bin;."/>
    <property name="java.vm.info" value="mixed mode, sharing"/>
    <property name="stderr.encoding" value="Cp1252"/>
    <property name="java.vendor" value="Azul Systems, Inc."/>
    <property name="java.vm.version" value="24.0.1+9"/>
    <property name="sun.io.unicode.encoding" value="UnicodeLittle"/>
    <property name="java.class.version" value="68.0"/>
  </properties>
  <testcase name="testCase1_CorrectCredentials" classname="LoginServiceTest" time="0.323">
    <system-out><![CDATA[Test Case 1 - Correct username and password: true
]]></system-out>
  </testcase>
  <testcase name="testCase4_WrongUsernameCorrectPassword" classname="LoginServiceTest" time="1.284">
    <system-out><![CDATA[Test Case 4 - Incorrect username, correct password: false
]]></system-out>
  </testcase>
  <testcase name="testCase3_ThreeFailedThenBlocked" classname="LoginServiceTest" time="1458.367">
    <failure message="expected: &lt;false&gt; but was: &lt;true&gt;" type="org.opentest4j.AssertionFailedError"><![CDATA[org.opentest4j.AssertionFailedError: expected: <false> but was: <true>
	at org.junit.jupiter.api.AssertionFailureBuilder.build(AssertionFailureBuilder.java:151)
	at org.junit.jupiter.api.AssertionFailureBuilder.buildAndThrow(AssertionFailureBuilder.java:132)
	at org.junit.jupiter.api.AssertFalse.failNotFalse(AssertFalse.java:63)
	at org.junit.jupiter.api.AssertFalse.assertFalse(AssertFalse.java:36)
	at org.junit.jupiter.api.AssertFalse.assertFalse(AssertFalse.java:31)
	at org.junit.jupiter.api.Assertions.assertFalse(Assertions.java:231)
	at LoginServiceTest.testCase3_ThreeFailedThenBlocked(LoginServiceTest.java:62)
	at java.base/java.lang.reflect.Method.invoke(Method.java:565)
	at java.base/java.util.ArrayList.forEach(ArrayList.java:1604)
	at java.base/java.util.ArrayList.forEach(ArrayList.java:1604)
]]></failure>
    <system-out><![CDATA[Test Case 3.1 - Failed attempt: false
Test Case 3.2 - Failed attempt: false
Test Case 3.3 - Failed attempt: false
Test Case 3.4 - Try correct credentials after 3 failed attempts: true
]]></system-out>
  </testcase>
  <testcase name="testCase5_WrongUsernameAndPassword" classname="LoginServiceTest" time="0.737">
    <system-out><![CDATA[Test Case 5 - Incorrect username and password: false
]]></system-out>
  </testcase>
  <testcase name="testCase2_OneFailedAttemptThenSuccess" classname="LoginServiceTest" time="1.976">
    <system-out><![CDATA[Test Case 2.1 - Failed attempt: false
Test Case 2.2 - Successful login after one failure: true
]]></system-out>
  </testcase>
</testsuite>